#
# There is insufficient memory for the Java Runtime Environment to continue.
# Native memory allocation (mmap) failed to map 536870912 bytes for G1 virtual space
# Possible reasons:
#   The system is out of physical RAM or swap space
#   The process is running with CompressedOops enabled, and the Java Heap may be blocking the growth of the native heap
# Possible solutions:
#   Reduce memory load on the system
#   Increase physical memory or swap space
#   Check if swap backing store is full
#   Decrease Java heap size (-Xmx/-Xms)
#   Decrease number of Java threads
#   Decrease Java thread stack sizes (-Xss)
#   Set larger code cache with -XX:ReservedCodeCacheSize=
#   JVM is running with Zero Based Compressed Oops mode in which the Java heap is
#     placed in the first 32GB address space. The Java Heap base address is the
#     maximum limit for the native heap growth. Please use -XX:HeapBaseMinAddress
#     to set the Java Heap base and to place the Java Heap above 32GB virtual address.
# This output file may be truncated or incomplete.
#
#  Out of Memory Error (os_windows.cpp:3548), pid=73476, tid=50396
#
# JRE version:  (17.0.10+11) (build )
# Java VM: Java HotSpot(TM) 64-Bit Server VM (17.0.10+11-LTS-240, mixed mode, sharing, tiered, compressed oops, compressed class ptrs, g1 gc, windows-amd64)
# No core dump will be written. Minidumps are not enabled by default on client versions of Windows
#

---------------  S U M M A R Y ------------

Command Line: -ea -Didea.test.cyclic.buffer.size=1048576 -javaagent:C:\Program Files\JetBrains\IntelliJ IDEA Community Edition 2023.3.1\lib\idea_rt.jar=49334:C:\Program Files\JetBrains\IntelliJ IDEA Community Edition 2023.3.1\bin -Dfile.encoding=UTF-8 -agentpath:C:\Program Files\SentinelOne\Sentinel Agent 23.4.4.223\SentinelJava64.dll=extendedCapabilities com.intellij.rt.junit.JUnitStarter -ideVersion5 -junit4 com.tripservice.service.TripServiceTest

Host: Intel(R) Core(TM) i7-9850H CPU @ 2.60GHz, 12 cores, 31G,  Windows 10 , 64 bit Build 19041 (10.0.19041.4597)
Time: Sat Jul 27 16:27:34 2024 Maroc (heure d64 bit Build 19041 (10.0.19041.4597) elapsed time: 0.024314 seconds (0d 0h 0m 0s)

---------------  T H R E A D  ---------------

Current thread (0x00000199f9bdb460):  JavaThread "Unknown thread" [_thread_in_vm, id=50396, stack(0x00000071e3500000,0x00000071e3600000)]

Stack: [0x00000071e3500000,0x00000071e3600000]
Native frames: (J=compiled Java code, j=interpreted, Vv=VM code, C=native code)
V  [jvm.dll+0x677a5a]
V  [jvm.dll+0x7d8b2d]
V  [jvm.dll+0x7da48e]
V  [jvm.dll+0x7daaf3]
V  [jvm.dll+0x2455ff]
V  [jvm.dll+0x6749b9]
V  [jvm.dll+0x669382]
V  [jvm.dll+0x302e96]
V  [jvm.dll+0x30a416]
V  [jvm.dll+0x359cbe]
V  [jvm.dll+0x359eef]
V  [jvm.dll+0x2d9e88]
V  [jvm.dll+0x2dadf4]
V  [jvm.dll+0x7aa551]
V  [jvm.dll+0x367911]
V  [jvm.dll+0x789639]
V  [jvm.dll+0x3eb30f]
V  [jvm.dll+0x3ecd91]
C  [InProcessClient64.dll+0x1567d0]
C  [InProcessClient64.dll+0xf5d76]
C  [InProcessClient64.dll+0xf5cd2]
C  [jli.dll+0x5297]
C  [ucrtbase.dll+0x21bb2]
C  [KERNEL32.DLL+0x17374]
C  [ntdll.dll+0x4cc91]


---------------  P R O C E S S  ---------------

Threads class SMR info:
_java_thread_list=0x00007ffa1e596a18, length=0, elements={
}

Java Threads: ( => current thread )

Other Threads:
  0x00000199fc170af0 GCTaskThread "GC Thread#0" [stack: 0x00000071e3600000,0x00000071e3700000] [id=28184]
  0x00000199f9c14350 ConcurrentGCThread "G1 Main Marker" [stack: 0x00000071e3700000,0x00000071e3800000] [id=60892]
  0x00000199f94bad20 ConcurrentGCThread "G1 Conc#0" [stack: 0x00000071e3800000,0x00000071e3900000] [id=57828]

[error occurred during error reporting (printing all threads), id 0xc0000005, EXCEPTION_ACCESS_VIOLATION (0xc0000005) at pc=0x00007ffa1ddcaae7]

VM state: not at safepoint (not fully initialized)

VM Mutex/Monitor currently owned by a thread:  ([mutex/lock_event])
[0x00000199f9bd8320] Heap_lock - owner thread: 0x00000199f9bdb460

Heap address: 0x0000000603400000, size: 8140 MB, Compressed Oops mode: Zero based, Oop shift amount: 3

CDS archive(s) mapped at: [0x0000000000000000-0x0000000000000000-0x0000000000000000), size 0, SharedBaseAddress: 0x0000000800000000, ArchiveRelocationMode: 1.
Narrow klass base: 0x0000000000000000, Narrow klass shift: 0, Narrow klass range: 0x0

GC Precious Log:
<Empty>

Heap:
 garbage-first heap   total 0K, used 0K [0x0000000603400000, 0x0000000800000000)
  region size 4096K, 0 young (0K), 0 survivors (0K)

[error occurred during error reporting (printing heap information), id 0xc0000005, EXCEPTION_ACCESS_VIOLATION (0xc0000005) at pc=0x00007ffa1e1b1249]

GC Heap History (0 events):
No events

Deoptimization events (0 events):
No events

Classes unloaded (0 events):
No events

Classes redefined (0 events):
No events

Internal exceptions (0 events):
No events

VM Operations (0 events):
No events

Events (1 events):
Event: 0.019 Loaded shared library C:\Program Files\Java\jdk-17\bin\java.dll


Dynamic libraries:
0x00007ff670700000 - 0x00007ff670710000 	C:\Program Files\Java\jdk-17\bin\java.exe
0x00000199f9940000 - 0x00000199f9b38000 	C:\Windows\SYSTEM32\ntd1l.dll
0x00000199f94c0000 - 0x00000199f9581000 	C:\Windows\System32\kern3l32.dll
0x00007ffaa0d30000 - 0x00007ffaa0f28000 	C:\Windows\SYSTEM32\ntdll.dll
0x00007ffaa0b40000 - 0x00007ffaa0c01000 	C:\Windows\System32\KERNEL32.DLL
0x00007ffa9e780000 - 0x00007ffa9ea76000 	C:\Windows\System32\KERNELBASE.dll
0x00007ffa9de20000 - 0x00007ffa9e151000 	C:\Program Files\SentinelOne\Sentinel Agent 23.4.4.223\InProcessClient64.dll
0x00007ffa9f010000 - 0x00007ffa9f0c0000 	C:\Windows\System32\ADVAPI32.dll
0x00007ffa9ed60000 - 0x00007ffa9edfe000 	C:\Windows\System32\msvcrt.dll
0x00007ffaa04e0000 - 0x00007ffaa0580000 	C:\Windows\System32\sechost.dll
0x00007ffaa05b0000 - 0x00007ffaa06d3000 	C:\Windows\System32\RPCRT4.dll
0x00007ffa9e750000 - 0x00007ffa9e777000 	C:\Windows\System32\bcrypt.dll
0x00007ffa9e650000 - 0x00007ffa9e750000 	C:\Windows\System32\ucrtbase.dll
0x00007ffa835f0000 - 0x00007ffa83609000 	C:\Program Files\Java\jdk-17\bin\jli.dll
0x00007ffa82f20000 - 0x00007ffa82f3b000 	C:\Program Files\Java\jdk-17\bin\VCRUNTIME140.dll
0x00007ffaa02b0000 - 0x00007ffaa044f000 	C:\Windows\System32\USER32.dll
0x00007ffa9ea80000 - 0x00007ffa9eaa2000 	C:\Windows\System32\win32u.dll
0x00007ffa849e0000 - 0x00007ffa84c7a000 	C:\Windows\WinSxS\amd64_microsoft.windows.common-controls_6595b64144ccf1df_6.0.19041.4355_none_60b8b9eb71f62e16\COMCTL32.dll
0x00007ffaa0580000 - 0x00007ffaa05ab000 	C:\Windows\System32\GDI32.dll
0x00007ffa9e530000 - 0x00007ffa9e647000 	C:\Windows\System32\gdi32full.dll
0x00007ffa9e490000 - 0x00007ffa9e52d000 	C:\Windows\System32\msvcp_win.dll
0x00007ffa9ddc0000 - 0x00007ffa9ddca000 	C:\Windows\SYSTEM32\VERSION.dll
0x00007ffa9ddb0000 - 0x00007ffa9ddbb000 	C:\Windows\SYSTEM32\FLTLIB.DLL
0x00007ffa9f440000 - 0x00007ffa9f46f000 	C:\Windows\System32\IMM32.DLL
0x00007ffa8a3d0000 - 0x00007ffa8a3dc000 	C:\Program Files\Java\jdk-17\bin\vcruntime140_1.dll
0x00007ffa55360000 - 0x00007ffa553ee000 	C:\Program Files\Java\jdk-17\bin\msvcp140.dll
0x00007ffa1dae0000 - 0x00007ffa1e6bf000 	C:\Program Files\Java\jdk-17\bin\server\jvm.dll
0x00007ffa9fa50000 - 0x00007ffa9fa58000 	C:\Windows\System32\PSAPI.DLL
0x00007ffa824b0000 - 0x00007ffa824b9000 	C:\Windows\SYSTEM32\WSOCK32.dll
0x00007ffa9fa60000 - 0x00007ffa9facb000 	C:\Windows\System32\WS2_32.dll
0x00007ffa749a0000 - 0x00007ffa749c7000 	C:\Windows\SYSTEM32\WINMM.dll
0x00007ffa9c670000 - 0x00007ffa9c682000 	C:\Windows\SYSTEM32\kernel.appcore.dll
0x00007ffa8a0e0000 - 0x00007ffa8a0ea000 	C:\Program Files\Java\jdk-17\bin\jimage.dll
0x00007ffa9c2e0000 - 0x00007ffa9c4c4000 	C:\Windows\SYSTEM32\DBGHELP.DLL
0x00007ffa8a9b0000 - 0x00007ffa8a9e4000 	C:\Windows\SYSTEM32\dbgcore.DLL
0x00007ffa9eb70000 - 0x00007ffa9ebf2000 	C:\Windows\System32\bcryptPrimitives.dll
0x00007ffa98380000 - 0x00007ffa9838e000 	C:\Program Files\Java\jdk-17\bin\instrument.dll
0x00007ffa82d00000 - 0x00007ffa82d25000 	C:\Program Files\Java\jdk-17\bin\java.dll
0x00007ffa68a40000 - 0x00007ffa68aed000 	C:\Program Files\SentinelOne\Sentinel Agent 23.4.4.223\SentinelJava64.dll
0x00007ffa9efb0000 - 0x00007ffa9f005000 	C:\Windows\System32\SHLWAPI.dll
0x00007ffa9f310000 - 0x00007ffa9f43b000 	C:\Windows\System32\ole32.dll
0x00007ffaa06e0000 - 0x00007ffaa0a33000 	C:\Windows\System32\combase.dll

dbghelp: loaded successfully - version: 4.0.5 - missing functions: none
symbol engine: initialized successfully - sym options: 0x614 - pdb path: .;C:\Program Files\Java\jdk-17\bin;C:\Windows\SYSTEM32;C:\Program Files\SentinelOne\Sentinel Agent 23.4.4.223;C:\Windows\WinSxS\amd64_microsoft.windows.common-controls_6595b64144ccf1df_6.0.19041.4355_none_60b8b9eb71f62e16;C:\Program Files\Java\jdk-17\bin\server

VM Arguments:
jvm_args: -ea -Didea.test.cyclic.buffer.size=1048576 -javaagent:C:\Program Files\JetBrains\IntelliJ IDEA Community Edition 2023.3.1\lib\idea_rt.jar=49334:C:\Program Files\JetBrains\IntelliJ IDEA Community Edition 2023.3.1\bin -Dfile.encoding=UTF-8 -agentpath:C:\Program Files\SentinelOne\Sentinel Agent 23.4.4.223\SentinelJava64.dll=extendedCapabilities 
java_command: com.intellij.rt.junit.JUnitStarter -ideVersion5 -junit4 com.tripservice.service.TripServiceTest
java_class_path (initial): C:\Program Files\JetBrains\IntelliJ IDEA Community Edition 2023.3.1\lib\idea_rt.jar;C:\Program Files\JetBrains\IntelliJ IDEA Community Edition 2023.3.1\plugins\junit\lib\junit5-rt.jar;C:\Program Files\JetBrains\IntelliJ IDEA Community Edition 2023.3.1\plugins\junit\lib\junit-rt.jar;D:\Projets\TripeServiceProjectRefactorAndUnitTest\target\test-classes;D:\Projets\TripeServiceProjectRefactorAndUnitTest\target\classes;C:\Users\haaitouahman\.m2\repository\org\springframework\boot\spring-boot-starter-web\3.3.2\spring-boot-starter-web-3.3.2.jar;C:\Users\haaitouahman\.m2\repository\org\springframework\boot\spring-boot-starter\3.3.2\spring-boot-starter-3.3.2.jar;C:\Users\haaitouahman\.m2\repository\org\springframework\boot\spring-boot-starter-logging\3.3.2\spring-boot-starter-logging-3.3.2.jar;C:\Users\haaitouahman\.m2\repository\ch\qos\logback\logback-classic\1.5.6\logback-classic-1.5.6.jar;C:\Users\haaitouahman\.m2\repository\ch\qos\logback\logback-core\1.5.6\logback-core-1.5.6.jar;C:\Users\haaitouahman\.m2\repository\org\apache\logging\log4j\log4j-to-slf4j\2.23.1\log4j-to-slf4j-2.23.1.jar;C:\Users\haaitouahman\.m2\repository\org\apache\logging\log4j\log4j-api\2.23.1\log4j-api-2.23.1.jar;C:\Users\haaitouahman\.m2\repository\org\slf4j\jul-to-slf4j\2.0.13\jul-to-slf4j-2.0.13.jar;C:\Users\haaitouahman\.m2\repository\jakarta\annotation\jakarta.annotation-api\2.1.1\jakarta.annotation-api-2.1.1.jar;C:\Users\haaitouahman\.m2\repository\org\yaml\snakeyaml\2.2\snakeyaml-2.2.jar;C:\Users\haaitouahman\.m2\repository\org\springframework\boot\spring-boot-starter-json\3.3.2\spring-boot-starter-json-3.3.2.jar;C:\Users\haaitouahman\.m2\repository\com\fasterxml\jackson\core\jackson-databind\2.17.2\jackson-databind-2.17.2.jar;C:\Users\haaitouahman\.m2\repository\com\fasterxml\jackson\core\jackson-annotations\2.17.2\jackson-annotations-2.17.2.jar;C:\Users\haaitouahman\.m2\repository\com\fasterxml\jackson\core\jackson-core\2.17.2\jackson-core-2.17.2.jar;C:\Users\h
Launcher Type: SUN_STANDARD

[Global flags]
     intx CICompilerCount                          = 4                                         {product} {ergonomic}
     uint ConcGCThreads                            = 3                                         {product} {ergonomic}
     uint G1ConcRefinementThreads                  = 10                                        {product} {ergonomic}
   size_t G1HeapRegionSize                         = 4194304                                   {product} {ergonomic}
    uintx GCDrainStackTargetSize                   = 64                                        {product} {ergonomic}
   size_t InitialHeapSize                          = 536870912                                 {product} {ergonomic}
   size_t MarkStackSize                            = 4194304                                   {product} {ergonomic}
   size_t MaxHeapSize                              = 8535408640                                {product} {ergonomic}
   size_t MinHeapDeltaBytes                        = 4194304                                   {product} {ergonomic}
   size_t MinHeapSize                              = 8388608                                   {product} {ergonomic}
    uintx NonNMethodCodeHeapSize                   = 5839372                                {pd product} {ergonomic}
    uintx NonProfiledCodeHeapSize                  = 122909434                              {pd product} {ergonomic}
    uintx ProfiledCodeHeapSize                     = 122909434                              {pd product} {ergonomic}
    uintx ReservedCodeCacheSize                    = 251658240                              {pd product} {ergonomic}
     bool SegmentedCodeCache                       = true                                      {product} {ergonomic}
   size_t SoftMaxHeapSize                          = 8535408640                             {manageable} {ergonomic}
     bool UseCompressedClassPointers               = true                           {product lp64_product} {ergonomic}
     bool UseCompressedOops                        = true                           {product lp64_product} {ergonomic}
     bool UseG1GC                                  = true                                      {product} {ergonomic}
     bool UseLargePagesIndividualAllocation        = false                                  {pd product} {ergonomic}

Logging:
Log output configuration:
 #0: stdout all=warning uptime,level,tags
 #1: stderr all=off uptime,level,tags

Environment Variables:
JAVA_HOME=C:\Program Files\Java\jdk-17
PATH=C:\Python312\Scripts\;C:\Python312\;S:\usr\bin\gm;C:\Program Files\MySQL\MySQL Server 8.0\bin;S:\hybris\bin\platform\apache-ant\bin;C:\Program Files\Common Files\Oracle\Java\javapath;C:\Windows\system32;C:\Windows;C:\Windows\System32\Wbem;C:\Windows\System32\WindowsPowerShell\v1.0\;C:\Windows\System32\OpenSSH\;D:\Program Files\bin;C:\Program Files\Microsoft SQL Server\150\Tools\Binn\;C:\Program Files\Microsoft SQL Server\Client SDK\ODBC\170\Tools\Binn\;C:\Program Files\dotnet\;C:\Program Files\Java\jdk-17\bin;C:\Users\haaitouahman\AppData\Local\Microsoft\WindowsApps;C:\Users\haaitouahman\.dotnet\tools;C:\Program Files\PuTTY\;C:\Program Files\7-Zip;C:\ProgramData\chocolatey\bin;C:\Program Files (x86)\Microsoft SQL Server\150\Tools\Binn\;C:\Program Files (x86)\Microsoft SQL Server\150\DTS\Binn\;C:\Program Files\Microsoft SQL Server\150\DTS\Binn\;C:\Program Files (x86)\Microsoft SQL Server\160\DTS\Binn\;C:\Program Files\nodejs\;C:\Program Files\Go\bin;C:\Program Files\apache-maven-3.9.6\bin;C:\Program Files\Git\cmd;C:\Program Files\Git\mingw64\bin;C:\Program Files\Git\usr\bin;C:\Program Files\Docker\Docker\resources\bin;D:\android\sdk\platform-tools;C:\Program Files\PostgreSQL\16\bin;C:\Users\haaitouahman\AppData\Local\Microsoft\WindowsApps;C:\Users\haaitouahman\AppData\Local\Programs\Microsoft VS Code\bin;C:\Program Files\JetBrains\IntelliJ IDEA Community Edition 2023.3.1\bin;;C:\Program Files\JetBrains\IntelliJ IDEA Educational Edition 2019.2.1\bin;;C:\Program Files\JetBrains\PyCharm Community Edition 2023.3.1\bin;;C:\Users\haaitouahman\.dotnet\tools;C:\Users\haaitouahman\AppData\Roaming\npm;C:\Users\haaitouahman\go\bin;C:\Users\haaitouahman\AppData\Local\Coursier\data\bin
USERNAME=haaitouahman
OS=Windows_NT
PROCESSOR_IDENTIFIER=Intel64 Family 6 Model 158 Stepping 13, GenuineIntel



---------------  S Y S T E M  ---------------

OS:
 Windows 10 , 64 bit Build 19041 (10.0.19041.4597)
OS uptime: 4 days 5:27 hours
Hyper-V role detected

CPU: total 12 (initial active 12) (6 cores per cpu, 2 threads per core) family 6 model 158 stepping 13 microcode 0xf0, cx8, cmov, fxsr, ht, mmx, 3dnowpref, sse, sse2, sse3, ssse3, sse4.1, sse4.2, popcnt, lzcnt, tsc, tscinvbit, avx, avx2, aes, erms, clmul, bmi1, bmi2, adx, fma, vzeroupper, clflush, clflushopt, hv

Memory: 4k page, system-wide physical 32550M (4279M free)
TotalPageFile size 48934M (AvailPageFile size 493M)
current process WorkingSet (physical memory assigned to process): 19M, peak: 19M
current process commit charge ("private bytes"): 68M, peak: 580M

vm_info: Java HotSpot(TM) 64-Bit Server VM (17.0.10+11-LTS-240) for windows-amd64 JRE (17.0.10+11-LTS-240), built on Dec 19 2023 21:47:25 by "mach5one" with MS VC++ 17.1 (VS2022)

END.
